#
# A fatal error has been detected by the Java Runtime Environment:
#
#  SIGSEGV (0xb) at pc=0x00000001048232b0, pid=4307, tid=18691
#
# JRE version: Java(TM) SE Runtime Environment (8.0_25-b17) (build 1.8.0_25-b17)
# Java VM: Java HotSpot(TM) 64-Bit Server VM (25.25-b02 mixed mode bsd-amd64 compressed oops)
# Problematic frame:
# V  [libjvm.dylib+0x4232b0]  Method::checked_resolve_jmethod_id(_jmethodID*)+0xe
#
# Failed to write core dump. Core dumps have been disabled. To enable core dumping, try "ulimit -c unlimited" before starting Java again
#
# If you would like to submit a bug report, please visit:
#   http://bugreport.sun.com/bugreport/crash.jsp
#

---------------  T H R E A D  ---------------

Current thread (0x00007fdb1286d800):  JavaThread "JDWP Transport Listener: dt_socket" daemon [_thread_in_vm, id=18691, stack(0x000000012283d000,0x000000012293d000)]

siginfo: si_signo: 11 (SIGSEGV), si_code: 0 (unknown), si_addr: 0x0000000000000000

Registers:
RAX=0x0000000000000001, RBX=0x000000012293ca8b, RCX=0x0000000104bd6c80, RDX=0x000000012293ca8b
RSP=0x000000012293c9d0, RBP=0x000000012293c9e0, RSI=0x00007fdb1286d800, RDI=0x00053b656c626174
R8 =0x0000000000000000, R9 =0x00007fdb10d00000, R10=0x0000000000000010, R11=0x00007fdb10d00000
R12=0x00007fdb1286d800, R13=0x00053b656c626174, R14=0x00053b656c626174, R15=0x00007fdb10c1edd0
RIP=0x00000001048232b0, EFLAGS=0x0000000000010206, ERR=0x0000000000000000
  TRAPNO=0x000000000000000d

Top of Stack: (sp=0x000000012293c9d0)
0x000000012293c9d0:   000000012293ca8b 000000012293ca8b
0x000000012293c9e0:   000000012293ca40 000000010473526e
0x000000012293c9f0:   00007fdb1286d800 0000000000000000
0x000000012293ca00:   0000000000000000 0000000000000000
0x000000012293ca10:   00007fdb1286d800 00007fdb1286d800
0x000000012293ca20:   000000012293ca8b 000000012293ca90
0x000000012293ca30:   00053b656c626174 0000000000000009
0x000000012293ca40:   000000012293ca60 00000001033b67dc
0x000000012293ca50:   0000000000000001 000000012293cb08
0x000000012293ca60:   000000012293cad0 000000010339b263
0x000000012293ca70:   000000012293caa0 00007fdb10d08ce0
0x000000012293ca80:   0000000a00000032 000000020093cb08
0x000000012293ca90:   0000000000000000 0000000000000000
0x000000012293caa0:   0000000000000000 000000012293cc90
0x000000012293cab0:   00000001033bdeca 00007fdb10d03c20
0x000000012293cac0:   000000012293cb08 00000001033c9588
0x000000012293cad0:   000000012293cae0 000000010339b35c
0x000000012293cae0:   000000012293cd00 00000001033a48f6
0x000000012293caf0:   0000568a00000013 00000000000f0200
0x000000012293cb00:   00007fdb10d08310 00007fdb10d09224
0x000000012293cb10:   00007fdb00000224 00007fdb10d08c40
0x000000012293cb20:   00007fdb0000012c 000000012293cb58
0x000000012293cb30:   00007fdb10d08c40 00007f0000000000
0x000000012293cb40:   0000568a0000001c 00007fff00004f80
0x000000012293cb50:   000000012293cb58 db7f00000a000000
0x000000012293cb60:   0800000090b8f310 3e74696e696c633c
0x000000012293cb70:   0056292803000000 0008000000000000
0x000000012293cb80:   0088b8f310db7f00 74696e693c060000
0x000000012293cb90:   562928030000003e 0100000000000000
0x000000012293cba0:   407ae110db7f0000 7562656405000000
0x000000012293cbb0:   5629280300000067 0a00000000000000
0x000000012293cbc0:   98b8f310db7f0000 6461657208000000 

Instructions: (pc=0x00000001048232b0)
0x0000000104823290:   40 48 48 85 c0 75 e0 30 c0 0f b6 c0 5d c3 31 c0
0x00000001048232a0:   5d c3 55 48 89 e5 53 48 83 ec 08 48 85 ff 74 24
0x00000001048232b0:   48 8b 1f 48 85 db 74 1c 48 83 fb 37 74 16 48 8b
0x00000001048232c0:   03 48 89 df ff 50 10 84 c0 b8 00 00 00 00 48 0f 

Register to memory mapping:

RAX=0x0000000000000001 is an unknown value
RBX=0x000000012293ca8b is pointing into the stack for thread: 0x00007fdb1286d800
RCX=0x0000000104bd6c80: UseMembar+0 in /Library/Java/JavaVirtualMachines/jdk1.8.0_25.jdk/Contents/Home/jre/lib/server/libjvm.dylib at 0x0000000104400000
RDX=0x000000012293ca8b is pointing into the stack for thread: 0x00007fdb1286d800
RSP=0x000000012293c9d0 is pointing into the stack for thread: 0x00007fdb1286d800
RBP=0x000000012293c9e0 is pointing into the stack for thread: 0x00007fdb1286d800
RSI=0x00007fdb1286d800 is a thread
RDI=0x00053b656c626174 is an unknown value
R8 =0x0000000000000000 is an unknown value
R9 =0x00007fdb10d00000 is an unknown value
R10=0x0000000000000010 is an unknown value
R11=0x00007fdb10d00000 is an unknown value
R12=0x00007fdb1286d800 is a thread
R13=0x00053b656c626174 is an unknown value
R14=0x00053b656c626174 is an unknown value
R15=0x00007fdb10c1edd0 is an unknown value


Stack: [0x000000012283d000,0x000000012293d000],  sp=0x000000012293c9d0,  free space=1022k
Native frames: (J=compiled Java code, j=interpreted, Vv=VM code, C=native code)
V  [libjvm.dylib+0x4232b0]  Method::checked_resolve_jmethod_id(_jmethodID*)+0xe
V  [libjvm.dylib+0x33526e]  jvmti_IsMethodSynthetic+0xb2
C  [libjdwp.dylib+0x207dc]  isMethodSynthetic+0x63
C  [libjdwp.dylib+0x5263]  methods1+0x10b
C  [libjdwp.dylib+0x535c]  methodsWithGeneric+0xe
C  [libjdwp.dylib+0xe8f6]  debugLoop_run+0x1ce
C  [libjdwp.dylib+0x1f716]  attachThread+0x4d
V  [libjvm.dylib+0x3762ce]  JvmtiAgentThread::call_start_function()+0x38
V  [libjvm.dylib+0x535ed9]  JavaThread::thread_main_inner()+0x9b
V  [libjvm.dylib+0x53761c]  JavaThread::run()+0x1c2
V  [libjvm.dylib+0x45d87e]  java_start(Thread*)+0xf6
C  [libsystem_pthread.dylib+0x3268]  _pthread_body+0x83
C  [libsystem_pthread.dylib+0x31e5]  _pthread_body+0x0
C  [libsystem_pthread.dylib+0x141d]  thread_start+0xd
C  0x0000000000000000


---------------  P R O C E S S  ---------------

Java Threads: ( => current thread )
  0x00007fdb11019800 JavaThread "Service Thread" daemon [_thread_blocked, id=22275, stack(0x0000000122f52000,0x0000000123052000)]
  0x00007fdb1286f000 JavaThread "C1 CompilerThread3" daemon [_thread_blocked, id=21763, stack(0x0000000122e4f000,0x0000000122f4f000)]
  0x00007fdb1286c800 JavaThread "C2 CompilerThread2" daemon [_thread_blocked, id=21251, stack(0x0000000122d4c000,0x0000000122e4c000)]
  0x00007fdb1101c000 JavaThread "C2 CompilerThread1" daemon [_thread_blocked, id=20739, stack(0x0000000122c49000,0x0000000122d49000)]
  0x00007fdb1286e800 JavaThread "C2 CompilerThread0" daemon [_thread_blocked, id=20227, stack(0x0000000122b46000,0x0000000122c46000)]
  0x00007fdb14000000 JavaThread "JDWP Command Reader" daemon [_thread_in_native, id=19715, stack(0x0000000122a43000,0x0000000122b43000)]
  0x00007fdb1101b000 JavaThread "JDWP Event Helper Thread" daemon [_thread_blocked, id=19203, stack(0x0000000122940000,0x0000000122a40000)]
=>0x00007fdb1286d800 JavaThread "JDWP Transport Listener: dt_socket" daemon [_thread_in_vm, id=18691, stack(0x000000012283d000,0x000000012293d000)]
  0x00007fdb1287c800 JavaThread "Signal Dispatcher" daemon [_thread_blocked, id=14615, stack(0x0000000122733000,0x0000000122833000)]
  0x00007fdb11016800 JavaThread "Finalizer" daemon [_thread_blocked, id=13571, stack(0x0000000120ded000,0x0000000120eed000)]
  0x00007fdb11015800 JavaThread "Reference Handler" daemon [_thread_blocked, id=13059, stack(0x0000000120cea000,0x0000000120dea000)]
  0x00007fdb12800000 JavaThread "main" [_thread_blocked, id=4867, stack(0x0000000103251000,0x0000000103351000)]

Other Threads:
  0x00007fdb11013000 VMThread [stack: 0x0000000120be7000,0x0000000120ce7000] [id=12547]
  0x00007fdb1101f000 WatcherThread [stack: 0x0000000123055000,0x0000000123155000] [id=22787]

VM state:not at safepoint (normal execution)

VM Mutex/Monitor currently owned by a thread: None

Heap:
 PSYoungGen      total 76288K, used 6553K [0x000000076ab00000, 0x0000000770000000, 0x00000007c0000000)
  eden space 65536K, 10% used [0x000000076ab00000,0x000000076b166748,0x000000076eb00000)
  from space 10752K, 0% used [0x000000076f580000,0x000000076f580000,0x0000000770000000)
  to   space 10752K, 0% used [0x000000076eb00000,0x000000076eb00000,0x000000076f580000)
 ParOldGen       total 175104K, used 0K [0x00000006c0000000, 0x00000006cab00000, 0x000000076ab00000)
  object space 175104K, 0% used [0x00000006c0000000,0x00000006c0000000,0x00000006cab00000)
 Metaspace       used 3484K, capacity 4566K, committed 4864K, reserved 1056768K
  class space    used 388K, capacity 390K, committed 512K, reserved 1048576K

Card table byte_map: [0x00000001146dc000,0x0000000114edd000] byte_map_base: 0x00000001110dc000

Marking Bits: (ParMarkBitMap*) 0x0000000104c9d390
 Begin Bits: [0x0000000115c4b000, 0x0000000119c4b000)
 End Bits:   [0x0000000119c4b000, 0x000000011dc4b000)

Polling page: 0x0000000103395000

CodeCache: size=245760Kb used=1232Kb max_used=1238Kb free=244527Kb
 bounds [0x000000010531c000, 0x000000010558c000, 0x000000011431c000]
 total_blobs=329 nmethods=93 adapters=159
 compilation: enabled

Compilation events (10 events):
Event: 0.153 Thread 0x00007fdb1286f000 nmethod 87 0x000000010544e210 code [0x000000010544e360, 0x000000010544e450]
Event: 0.154 Thread 0x00007fdb1286f000   88       3       java.util.concurrent.ConcurrentHashMap::setTabAt (19 bytes)
Event: 0.154 Thread 0x00007fdb1286f000 nmethod 88 0x000000010544e850 code [0x000000010544e9a0, 0x000000010544eb10]
Event: 0.154 Thread 0x00007fdb1101c000 nmethod 83 0x0000000105451990 code [0x0000000105451ae0, 0x0000000105451cc8]
Event: 0.157 Thread 0x00007fdb1286f000   90       3       java.lang.StringCoding::deref (19 bytes)
Event: 0.157 Thread 0x00007fdb1286f000 nmethod 90 0x0000000105451250 code [0x00000001054513e0, 0x0000000105451828]
Event: 0.157 Thread 0x00007fdb1286f000   91       3       java.lang.ThreadLocal::get (38 bytes)
Event: 0.157 Thread 0x00007fdb1286f000 nmethod 91 0x0000000105450b50 code [0x0000000105450ce0, 0x0000000105451058]
Event: 0.157 Thread 0x00007fdb1286f000   92       3       java.lang.ThreadLocal$ThreadLocalMap::access$000 (6 bytes)
Event: 0.157 Thread 0x00007fdb1286f000 nmethod 92 0x0000000105450790 code [0x0000000105450900, 0x0000000105450a88]

GC Heap History (0 events):
No events

Deoptimization events (0 events):
No events

Internal exceptions (10 events):
Event: 0.134 Thread 0x00007fdb12800000 Exception <a 'java/security/PrivilegedActionException'> (0x000000076abe78a8) thrown at [/HUDSON3/workspace/8-2-build-macosx-x86_64/jdk8u25/1514/hotspot/src/share/vm/prims/jvm.cpp, line 1312]
Event: 0.138 Thread 0x00007fdb12800000 Exception <a 'java/security/PrivilegedActionException'> (0x000000076abef518) thrown at [/HUDSON3/workspace/8-2-build-macosx-x86_64/jdk8u25/1514/hotspot/src/share/vm/prims/jvm.cpp, line 1312]
Event: 0.146 Thread 0x00007fdb12800000 Exception <a 'java/security/PrivilegedActionException'> (0x000000076ac178f8) thrown at [/HUDSON3/workspace/8-2-build-macosx-x86_64/jdk8u25/1514/hotspot/src/share/vm/prims/jvm.cpp, line 1312]
Event: 0.146 Thread 0x00007fdb12800000 Exception <a 'java/security/PrivilegedActionException'> (0x000000076ac17c40) thrown at [/HUDSON3/workspace/8-2-build-macosx-x86_64/jdk8u25/1514/hotspot/src/share/vm/prims/jvm.cpp, line 1312]
Event: 0.146 Thread 0x00007fdb12800000 Exception <a 'java/security/PrivilegedActionException'> (0x000000076ac1afc0) thrown at [/HUDSON3/workspace/8-2-build-macosx-x86_64/jdk8u25/1514/hotspot/src/share/vm/prims/jvm.cpp, line 1312]
Event: 0.146 Thread 0x00007fdb12800000 Exception <a 'java/security/PrivilegedActionException'> (0x000000076ac1b308) thrown at [/HUDSON3/workspace/8-2-build-macosx-x86_64/jdk8u25/1514/hotspot/src/share/vm/prims/jvm.cpp, line 1312]
Event: 0.151 Thread 0x00007fdb12800000 Exception <a 'java/security/PrivilegedActionException'> (0x000000076ac32b80) thrown at [/HUDSON3/workspace/8-2-build-macosx-x86_64/jdk8u25/1514/hotspot/src/share/vm/prims/jvm.cpp, line 1312]
Event: 0.151 Thread 0x00007fdb12800000 Exception <a 'java/security/PrivilegedActionException'> (0x000000076ac34128) thrown at [/HUDSON3/workspace/8-2-build-macosx-x86_64/jdk8u25/1514/hotspot/src/share/vm/prims/jvm.cpp, line 1312]
Event: 0.153 Thread 0x00007fdb12800000 Exception <a 'java/security/PrivilegedActionException'> (0x000000076ac39d00) thrown at [/HUDSON3/workspace/8-2-build-macosx-x86_64/jdk8u25/1514/hotspot/src/share/vm/prims/jvm.cpp, line 1312]
Event: 0.157 Thread 0x00007fdb12800000 Exception <a 'java/security/PrivilegedActionException'> (0x000000076ac3f598) thrown at [/HUDSON3/workspace/8-2-build-macosx-x86_64/jdk8u25/1514/hotspot/src/share/vm/prims/jvm.cpp, line 1312]

Events (10 events):
Event: 92.822 Executing VM operation: GetOrSetLocal
Event: 92.822 Executing VM operation: GetOrSetLocal done
Event: 92.822 Executing VM operation: GetOrSetLocal
Event: 92.822 Executing VM operation: GetOrSetLocal done
Event: 92.822 Executing VM operation: GetOrSetLocal
Event: 92.822 Executing VM operation: GetOrSetLocal done
Event: 135.994 Executing VM operation: ChangeBreakpoints
Event: 135.994 Executing VM operation: ChangeBreakpoints done
Event: 168.826 Executing VM operation: RedefineClasses
Event: 168.827 Executing VM operation: RedefineClasses done


Dynamic libraries:
0x0000000000adf000 	/System/Library/Frameworks/Cocoa.framework/Versions/A/Cocoa
0x0000000000adf000 	/System/Library/Frameworks/Security.framework/Versions/A/Security
0x0000000000adf000 	/System/Library/Frameworks/ApplicationServices.framework/Versions/A/ApplicationServices
0x0000000000adf000 	/usr/lib/libz.1.dylib
0x0000000000adf000 	/usr/lib/libSystem.B.dylib
0x0000000000adf000 	/usr/lib/libobjc.A.dylib
0x0000000000adf000 	/System/Library/Frameworks/CoreFoundation.framework/Versions/A/CoreFoundation
0x0000000000adf000 	/System/Library/Frameworks/Foundation.framework/Versions/C/Foundation
0x0000000000adf000 	/System/Library/Frameworks/AppKit.framework/Versions/C/AppKit
0x0000000000adf000 	/System/Library/Frameworks/CoreData.framework/Versions/A/CoreData
0x0000000000adf000 	/System/Library/PrivateFrameworks/RemoteViewServices.framework/Versions/A/RemoteViewServices
0x0000000000adf000 	/System/Library/PrivateFrameworks/UIFoundation.framework/Versions/A/UIFoundation
0x0000000000adf000 	/System/Library/Frameworks/IOSurface.framework/Versions/A/IOSurface
0x0000000000adf000 	/System/Library/Frameworks/AudioToolbox.framework/Versions/A/AudioToolbox
0x0000000000adf000 	/System/Library/Frameworks/AudioUnit.framework/Versions/A/AudioUnit
0x0000000000adf000 	/System/Library/PrivateFrameworks/DataDetectorsCore.framework/Versions/A/DataDetectorsCore
0x0000000000adf000 	/System/Library/PrivateFrameworks/DesktopServicesPriv.framework/Versions/A/DesktopServicesPriv
0x0000000000adf000 	/System/Library/Frameworks/Carbon.framework/Versions/A/Frameworks/HIToolbox.framework/Versions/A/HIToolbox
0x0000000000adf000 	/System/Library/Frameworks/QuartzCore.framework/Versions/A/QuartzCore
0x0000000000adf000 	/System/Library/Frameworks/Carbon.framework/Versions/A/Frameworks/SpeechRecognition.framework/Versions/A/SpeechRecognition
0x0000000000adf000 	/usr/lib/libauto.dylib
0x0000000000adf000 	/usr/lib/libicucore.A.dylib
0x0000000000adf000 	/usr/lib/libxml2.2.dylib
0x0000000000adf000 	/System/Library/PrivateFrameworks/CoreUI.framework/Versions/A/CoreUI
0x0000000000adf000 	/System/Library/Frameworks/CoreAudio.framework/Versions/A/CoreAudio
0x0000000000adf000 	/System/Library/Frameworks/DiskArbitration.framework/Versions/A/DiskArbitration
0x0000000000adf000 	/usr/lib/liblangid.dylib
0x0000000000adf000 	/System/Library/PrivateFrameworks/MultitouchSupport.framework/Versions/A/MultitouchSupport
0x0000000000adf000 	/System/Library/Frameworks/IOKit.framework/Versions/A/IOKit
0x0000000000adf000 	/usr/lib/libDiagnosticMessagesClient.dylib
0x0000000000adf000 	/System/Library/Frameworks/CoreServices.framework/Versions/A/CoreServices
0x0000000000adf000 	/System/Library/PrivateFrameworks/PerformanceAnalysis.framework/Versions/A/PerformanceAnalysis
0x0000000000adf000 	/System/Library/PrivateFrameworks/GenerationalStorage.framework/Versions/A/GenerationalStorage
0x0000000000adf000 	/System/Library/Frameworks/OpenGL.framework/Versions/A/OpenGL
0x0000000000adf000 	/System/Library/PrivateFrameworks/Sharing.framework/Versions/A/Sharing
0x0000000000adf000 	/System/Library/Frameworks/CoreGraphics.framework/Versions/A/CoreGraphics
0x0000000000adf000 	/System/Library/Frameworks/CoreText.framework/Versions/A/CoreText
0x0000000000adf000 	/System/Library/Frameworks/ImageIO.framework/Versions/A/ImageIO
0x0000000000adf000 	/usr/lib/libextension.dylib
0x0000000000adf000 	/System/Library/PrivateFrameworks/Backup.framework/Versions/A/Backup
0x0000000000adf000 	/usr/lib/libarchive.2.dylib
0x0000000000adf000 	/System/Library/Frameworks/CFNetwork.framework/Versions/A/CFNetwork
0x0000000000adf000 	/System/Library/Frameworks/SystemConfiguration.framework/Versions/A/SystemConfiguration
0x0000000000adf000 	/usr/lib/libCRFSuite.dylib
0x0000000000adf000 	/usr/lib/libc++.1.dylib
0x0000000000adf000 	/usr/lib/libc++abi.dylib
0x0000000000adf000 	/usr/lib/system/libcache.dylib
0x0000000000adf000 	/usr/lib/system/libcommonCrypto.dylib
0x0000000000adf000 	/usr/lib/system/libcompiler_rt.dylib
0x0000000000adf000 	/usr/lib/system/libcopyfile.dylib
0x0000000000adf000 	/usr/lib/system/libcorecrypto.dylib
0x0000000000adf000 	/usr/lib/system/libdispatch.dylib
0x0000000000adf000 	/usr/lib/system/libdyld.dylib
0x0000000000adf000 	/usr/lib/system/libkeymgr.dylib
0x0000000000adf000 	/usr/lib/system/liblaunch.dylib
0x0000000000adf000 	/usr/lib/system/libmacho.dylib
0x0000000000adf000 	/usr/lib/system/libquarantine.dylib
0x0000000000adf000 	/usr/lib/system/libremovefile.dylib
0x0000000000adf000 	/usr/lib/system/libsystem_asl.dylib
0x0000000000adf000 	/usr/lib/system/libsystem_blocks.dylib
0x0000000000adf000 	/usr/lib/system/libsystem_c.dylib
0x0000000000adf000 	/usr/lib/system/libsystem_configuration.dylib
0x0000000000adf000 	/usr/lib/system/libsystem_coreservices.dylib
0x0000000000adf000 	/usr/lib/system/libsystem_coretls.dylib
0x0000000000adf000 	/usr/lib/system/libsystem_dnssd.dylib
0x0000000000adf000 	/usr/lib/system/libsystem_info.dylib
0x0000000000adf000 	/usr/lib/system/libsystem_kernel.dylib
0x0000000000adf000 	/usr/lib/system/libsystem_m.dylib
0x0000000000adf000 	/usr/lib/system/libsystem_malloc.dylib
0x0000000000adf000 	/usr/lib/system/libsystem_network.dylib
0x0000000000adf000 	/usr/lib/system/libsystem_networkextension.dylib
0x0000000000adf000 	/usr/lib/system/libsystem_notify.dylib
0x0000000000adf000 	/usr/lib/system/libsystem_platform.dylib
0x0000000000adf000 	/usr/lib/system/libsystem_pthread.dylib
0x0000000000adf000 	/usr/lib/system/libsystem_sandbox.dylib
0x0000000000adf000 	/usr/lib/system/libsystem_secinit.dylib
0x0000000000adf000 	/usr/lib/system/libsystem_stats.dylib
0x0000000000adf000 	/usr/lib/system/libsystem_trace.dylib
0x0000000000adf000 	/usr/lib/system/libunc.dylib
0x0000000000adf000 	/usr/lib/system/libunwind.dylib
0x0000000000adf000 	/usr/lib/system/libxpc.dylib
0x0000000000adf000 	/usr/lib/libbz2.1.0.dylib
0x0000000000adf000 	/usr/lib/liblzma.5.dylib
0x0000000000adf000 	/usr/lib/libbsm.0.dylib
0x0000000000adf000 	/usr/lib/libsqlite3.dylib
0x0000000000adf000 	/usr/lib/system/libkxld.dylib
0x0000000000adf000 	/usr/lib/libxar.1.dylib
0x0000000000adf000 	/usr/lib/libpam.2.dylib
0x0000000000adf000 	/usr/lib/libOpenScriptingUtil.dylib
0x0000000000adf000 	/System/Library/Frameworks/CoreServices.framework/Versions/A/Frameworks/FSEvents.framework/Versions/A/FSEvents
0x0000000000adf000 	/System/Library/Frameworks/CoreServices.framework/Versions/A/Frameworks/CarbonCore.framework/Versions/A/CarbonCore
0x0000000000adf000 	/System/Library/Frameworks/CoreServices.framework/Versions/A/Frameworks/Metadata.framework/Versions/A/Metadata
0x0000000000adf000 	/System/Library/Frameworks/CoreServices.framework/Versions/A/Frameworks/OSServices.framework/Versions/A/OSServices
0x0000000000adf000 	/System/Library/Frameworks/CoreServices.framework/Versions/A/Frameworks/SearchKit.framework/Versions/A/SearchKit
0x0000000000adf000 	/System/Library/Frameworks/CoreServices.framework/Versions/A/Frameworks/AE.framework/Versions/A/AE
0x0000000000adf000 	/System/Library/Frameworks/CoreServices.framework/Versions/A/Frameworks/LaunchServices.framework/Versions/A/LaunchServices
0x0000000000adf000 	/System/Library/Frameworks/CoreServices.framework/Versions/A/Frameworks/DictionaryServices.framework/Versions/A/DictionaryServices
0x0000000000adf000 	/System/Library/Frameworks/NetFS.framework/Versions/A/NetFS
0x0000000000adf000 	/System/Library/PrivateFrameworks/NetAuth.framework/Versions/A/NetAuth
0x0000000000adf000 	/System/Library/PrivateFrameworks/login.framework/Versions/A/Frameworks/loginsupport.framework/Versions/A/loginsupport
0x0000000000adf000 	/System/Library/PrivateFrameworks/TCC.framework/Versions/A/TCC
0x0000000000adf000 	/usr/lib/libmecabra.dylib
0x0000000000adf000 	/System/Library/Frameworks/ApplicationServices.framework/Versions/A/Frameworks/ATS.framework/Versions/A/ATS
0x0000000000adf000 	/System/Library/Frameworks/ApplicationServices.framework/Versions/A/Frameworks/ColorSync.framework/Versions/A/ColorSync
0x0000000000adf000 	/System/Library/Frameworks/ApplicationServices.framework/Versions/A/Frameworks/HIServices.framework/Versions/A/HIServices
0x0000000000adf000 	/System/Library/Frameworks/ApplicationServices.framework/Versions/A/Frameworks/LangAnalysis.framework/Versions/A/LangAnalysis
0x0000000000adf000 	/System/Library/Frameworks/ApplicationServices.framework/Versions/A/Frameworks/PrintCore.framework/Versions/A/PrintCore
0x0000000000adf000 	/System/Library/Frameworks/ApplicationServices.framework/Versions/A/Frameworks/QD.framework/Versions/A/QD
0x0000000000adf000 	/System/Library/Frameworks/ApplicationServices.framework/Versions/A/Frameworks/SpeechSynthesis.framework/Versions/A/SpeechSynthesis
0x0000000000adf000 	/System/Library/Frameworks/Accelerate.framework/Versions/A/Accelerate
0x0000000000adf000 	/System/Library/Frameworks/Accelerate.framework/Versions/A/Frameworks/vImage.framework/Versions/A/vImage
0x0000000000adf000 	/System/Library/Frameworks/Accelerate.framework/Versions/A/Frameworks/vecLib.framework/Versions/A/vecLib
0x0000000000adf000 	/System/Library/Frameworks/Accelerate.framework/Versions/A/Frameworks/vecLib.framework/Versions/A/libvDSP.dylib
0x0000000000adf000 	/System/Library/Frameworks/Accelerate.framework/Versions/A/Frameworks/vecLib.framework/Versions/A/libvMisc.dylib
0x0000000000adf000 	/System/Library/Frameworks/Accelerate.framework/Versions/A/Frameworks/vecLib.framework/Versions/A/libLAPACK.dylib
0x0000000000adf000 	/System/Library/Frameworks/Accelerate.framework/Versions/A/Frameworks/vecLib.framework/Versions/A/libBLAS.dylib
0x0000000000adf000 	/System/Library/Frameworks/Accelerate.framework/Versions/A/Frameworks/vecLib.framework/Versions/A/libLinearAlgebra.dylib
0x0000000000adf000 	/System/Library/Frameworks/ApplicationServices.framework/Versions/A/Frameworks/ATS.framework/Versions/A/Resources/libFontParser.dylib
0x0000000000adf000 	/System/Library/Frameworks/ApplicationServices.framework/Versions/A/Frameworks/ATS.framework/Versions/A/Resources/libFontRegistry.dylib
0x0000000000adf000 	/System/Library/PrivateFrameworks/AppleVPA.framework/Versions/A/AppleVPA
0x0000000000adf000 	/System/Library/PrivateFrameworks/AppleJPEG.framework/Versions/A/AppleJPEG
0x0000000000adf000 	/System/Library/Frameworks/ImageIO.framework/Versions/A/Resources/libJPEG.dylib
0x0000000000adf000 	/System/Library/Frameworks/ImageIO.framework/Versions/A/Resources/libTIFF.dylib
0x0000000000adf000 	/System/Library/Frameworks/ImageIO.framework/Versions/A/Resources/libPng.dylib
0x0000000000adf000 	/System/Library/Frameworks/ImageIO.framework/Versions/A/Resources/libGIF.dylib
0x0000000000adf000 	/System/Library/Frameworks/ImageIO.framework/Versions/A/Resources/libJP2.dylib
0x0000000000adf000 	/System/Library/Frameworks/ImageIO.framework/Versions/A/Resources/libRadiance.dylib
0x0000000000adf000 	/System/Library/Frameworks/CoreVideo.framework/Versions/A/CoreVideo
0x0000000000adf000 	/System/Library/Frameworks/OpenGL.framework/Versions/A/Libraries/libGLU.dylib
0x0000000000adf000 	/System/Library/Frameworks/OpenGL.framework/Versions/A/Libraries/libGFXShared.dylib
0x0000000000adf000 	/System/Library/Frameworks/OpenGL.framework/Versions/A/Libraries/libGL.dylib
0x0000000000adf000 	/System/Library/Frameworks/OpenGL.framework/Versions/A/Libraries/libGLImage.dylib
0x0000000000adf000 	/System/Library/Frameworks/OpenGL.framework/Versions/A/Libraries/libCVMSPluginSupport.dylib
0x0000000000adf000 	/System/Library/Frameworks/OpenGL.framework/Versions/A/Libraries/libCoreVMClient.dylib
0x0000000000adf000 	/usr/lib/libcups.2.dylib
0x0000000000adf000 	/System/Library/Frameworks/Kerberos.framework/Versions/A/Kerberos
0x0000000000adf000 	/System/Library/Frameworks/GSS.framework/Versions/A/GSS
0x0000000000adf000 	/usr/lib/libresolv.9.dylib
0x0000000000adf000 	/usr/lib/libiconv.2.dylib
0x0000000000adf000 	/System/Library/PrivateFrameworks/Heimdal.framework/Versions/A/Heimdal
0x0000000000adf000 	/usr/lib/libheimdal-asn1.dylib
0x0000000000adf000 	/System/Library/Frameworks/OpenDirectory.framework/Versions/A/OpenDirectory
0x0000000000adf000 	/System/Library/PrivateFrameworks/CommonAuth.framework/Versions/A/CommonAuth
0x0000000000adf000 	/System/Library/Frameworks/OpenDirectory.framework/Versions/A/Frameworks/CFOpenDirectory.framework/Versions/A/CFOpenDirectory
0x0000000000adf000 	/System/Library/Frameworks/SecurityFoundation.framework/Versions/A/SecurityFoundation
0x0000000000adf000 	/System/Library/PrivateFrameworks/LanguageModeling.framework/Versions/A/LanguageModeling
0x0000000000adf000 	/usr/lib/libcmph.dylib
0x0000000000adf000 	/System/Library/Frameworks/ServiceManagement.framework/Versions/A/ServiceManagement
0x0000000000adf000 	/usr/lib/libxslt.1.dylib
0x0000000000adf000 	/System/Library/Frameworks/Carbon.framework/Versions/A/Frameworks/Ink.framework/Versions/A/Ink
0x0000000000adf000 	/System/Library/Frameworks/QuartzCore.framework/Versions/A/Frameworks/CoreImage.framework/Versions/A/CoreImage
0x0000000000adf000 	/System/Library/PrivateFrameworks/CrashReporterSupport.framework/Versions/A/CrashReporterSupport
0x0000000000adf000 	/System/Library/Frameworks/OpenCL.framework/Versions/A/OpenCL
0x0000000000adf000 	/System/Library/PrivateFrameworks/FaceCore.framework/Versions/A/FaceCore
0x0000000000adf000 	/System/Library/PrivateFrameworks/Ubiquity.framework/Versions/A/Ubiquity
0x0000000000adf000 	/System/Library/PrivateFrameworks/IconServices.framework/Versions/A/IconServices
0x0000000000adf000 	/System/Library/PrivateFrameworks/ChunkingLibrary.framework/Versions/A/ChunkingLibrary
0x0000000000adf000 	/System/Library/PrivateFrameworks/Apple80211.framework/Versions/A/Apple80211
0x0000000000adf000 	/System/Library/Frameworks/CoreWLAN.framework/Versions/A/CoreWLAN
0x0000000000adf000 	/System/Library/Frameworks/IOBluetooth.framework/Versions/A/IOBluetooth
0x0000000000adf000 	/System/Library/PrivateFrameworks/CoreWiFi.framework/Versions/A/CoreWiFi
0x0000000000adf000 	/System/Library/Frameworks/CoreBluetooth.framework/Versions/A/CoreBluetooth
0x0000000000adf000 	/System/Library/PrivateFrameworks/DebugSymbols.framework/Versions/A/DebugSymbols
0x0000000000adf000 	/System/Library/PrivateFrameworks/CoreSymbolication.framework/Versions/A/CoreSymbolication
0x0000000000adf000 	/System/Library/PrivateFrameworks/Symbolication.framework/Versions/A/Symbolication
0x0000000000adf000 	/System/Library/PrivateFrameworks/SpeechRecognitionCore.framework/Versions/A/SpeechRecognitionCore
0x0000000104400000 	/Library/Java/JavaVirtualMachines/jdk1.8.0_25.jdk/Contents/Home/jre/lib/server/libjvm.dylib
0x0000000000adf000 	/usr/lib/libstdc++.6.dylib
0x0000000103353000 	/Library/Java/JavaVirtualMachines/jdk1.8.0_25.jdk/Contents/Home/jre/lib/libverify.dylib
0x0000000103361000 	/Library/Java/JavaVirtualMachines/jdk1.8.0_25.jdk/Contents/Home/jre/lib/libjava.dylib
0x0000000103396000 	/Library/Java/JavaVirtualMachines/jdk1.8.0_25.jdk/Contents/Home/jre/lib/libjdwp.dylib
0x00000001033e1000 	/Library/Java/JavaVirtualMachines/jdk1.8.0_25.jdk/Contents/Home/jre/lib/libnpt.dylib
0x00000001033ee000 	/Library/Java/JavaVirtualMachines/jdk1.8.0_25.jdk/Contents/Home/jre/lib/libzip.dylib
0x0000000120eef000 	/System/Library/Frameworks/JavaVM.framework/Frameworks/JavaRuntimeSupport.framework/JavaRuntimeSupport
0x0000000120f07000 	/System/Library/Frameworks/JavaVM.framework/Versions/A/Frameworks/JavaNativeFoundation.framework/Versions/A/JavaNativeFoundation
0x0000000120f1c000 	/System/Library/Frameworks/JavaVM.framework/Versions/A/JavaVM
0x0000000000adf000 	/System/Library/Frameworks/Carbon.framework/Versions/A/Carbon
0x0000000120f29000 	/System/Library/PrivateFrameworks/JavaLaunching.framework/Versions/A/JavaLaunching
0x0000000000adf000 	/System/Library/Frameworks/Carbon.framework/Versions/A/Frameworks/CommonPanels.framework/Versions/A/CommonPanels
0x0000000000adf000 	/System/Library/Frameworks/Carbon.framework/Versions/A/Frameworks/Help.framework/Versions/A/Help
0x0000000000adf000 	/System/Library/Frameworks/Carbon.framework/Versions/A/Frameworks/ImageCapture.framework/Versions/A/ImageCapture
0x0000000000adf000 	/System/Library/Frameworks/Carbon.framework/Versions/A/Frameworks/OpenScripting.framework/Versions/A/OpenScripting
0x0000000000adf000 	/System/Library/Frameworks/Carbon.framework/Versions/A/Frameworks/Print.framework/Versions/A/Print
0x0000000000adf000 	/System/Library/Frameworks/Carbon.framework/Versions/A/Frameworks/SecurityHI.framework/Versions/A/SecurityHI
0x0000000122835000 	/Library/Java/JavaVirtualMachines/jdk1.8.0_25.jdk/Contents/Home/jre/lib/libdt_socket.dylib

VM Arguments:
jvm_args: -agentlib:jdwp=transport=dt_socket,suspend=y,address=localhost:64678 -Dfile.encoding=UTF-8 
java_command: dchaves_CSCI201_Assignment2.Test
java_class_path (initial): /Users/DaviChaves/Desktop/csci201/dchaves_CSCI201_Assignment2/bin
Launcher Type: SUN_STANDARD

Environment Variables:
PATH=/usr/bin:/bin:/usr/sbin:/sbin
SHELL=/bin/bash

Signal Handlers:
SIGSEGV: [libjvm.dylib+0x579dc7], sa_mask[0]=11111111011111110111111111111111, sa_flags=SA_ONSTACK|SA_RESTART|SA_SIGINFO
SIGBUS: [libjvm.dylib+0x579dc7], sa_mask[0]=11111111011111110111111111111111, sa_flags=SA_RESTART|SA_SIGINFO
SIGFPE: [libjvm.dylib+0x45b030], sa_mask[0]=11111111011111110111111111111111, sa_flags=SA_RESTART|SA_SIGINFO
SIGPIPE: [libjvm.dylib+0x45b030], sa_mask[0]=11111111011111110111111111111111, sa_flags=SA_RESTART|SA_SIGINFO
SIGXFSZ: [libjvm.dylib+0x45b030], sa_mask[0]=11111111011111110111111111111111, sa_flags=SA_RESTART|SA_SIGINFO
SIGILL: [libjvm.dylib+0x45b030], sa_mask[0]=11111111011111110111111111111111, sa_flags=SA_RESTART|SA_SIGINFO
SIGUSR1: SIG_DFL, sa_mask[0]=00000000000000000000000000000000, sa_flags=none
SIGUSR2: [libjvm.dylib+0x45ab4e], sa_mask[0]=00100000000000000000000000000000, sa_flags=SA_RESTART|SA_SIGINFO
SIGHUP: [libjvm.dylib+0x459121], sa_mask[0]=11111111011111110111111111111111, sa_flags=SA_RESTART|SA_SIGINFO
SIGINT: [libjvm.dylib+0x459121], sa_mask[0]=11111111011111110111111111111111, sa_flags=SA_RESTART|SA_SIGINFO
SIGTERM: [libjvm.dylib+0x459121], sa_mask[0]=11111111011111110111111111111111, sa_flags=SA_RESTART|SA_SIGINFO
SIGQUIT: [libjvm.dylib+0x459121], sa_mask[0]=11111111011111110111111111111111, sa_flags=SA_RESTART|SA_SIGINFO


---------------  S Y S T E M  ---------------

OS:Bsduname:Darwin 14.1.0 Darwin Kernel Version 14.1.0: Mon Dec 22 23:10:38 PST 2014; root:xnu-2782.10.72~2/RELEASE_X86_64 x86_64
rlimit: STACK 8192k, CORE 0k, NPROC 709, NOFILE 10240, AS infinity
load average:2.22 2.06 2.04

CPU:total 8 (4 cores per cpu, 2 threads per core) family 6 model 70 stepping 1, cmov, cx8, fxsr, mmx, sse, sse2, sse3, ssse3, sse4.1, sse4.2, popcnt, avx, avx2, aes, clmul, erms, rtm, lzcnt, ht, tsc, tscinvbit, bmi1, bmi2

Memory: 4k page, physical 16777216k(486056k free)

/proc/meminfo:


vm_info: Java HotSpot(TM) 64-Bit Server VM (25.25-b02) for bsd-amd64 JRE (1.8.0_25-b17), built on Sep 17 2014 16:56:50 by "java_re" with gcc 4.2.1 (Based on Apple Inc. build 5658) (LLVM build 2336.11.00)

time: Thu Feb  5 16:39:28 2015
elapsed time: 168 seconds (0d 0h 2m 48s)

